<?xml version="1.0" encoding="UTF-8"?>
<!-- Generated by org.testng.reporters.JUnitXMLReporter -->
<testsuite hostname="Arnab-PC" name="Test" tests="2" failures="1" timestamp="2 Jun 2016 19:57:46 GMT" time="7.837" errors="0">
  <testcase name="chooseBrowser" time="0.0" classname="Apple.CrossVerTitle">
    <skipped/>
  </testcase> <!-- chooseBrowser -->
  <testcase name="ver" time="7.653" classname="Apple.CrossVerTitle">
    <failure type="java.lang.NullPointerException">
      <![CDATA[java.lang.NullPointerException
	at Apple.CrossVerTitle.ver(CrossVerTitle.java:23)
... Removed 25 stack frames]]>
    </failure>
  </testcase> <!-- ver -->
</testsuite> <!-- Test -->
