<?xml version="1.0" encoding="UTF-8"?>
<!-- Generated by org.testng.reporters.JUnitXMLReporter -->
<testsuite hostname="Arnab-PC" name="LinkTest" tests="4" failures="1" timestamp="15 Jun 2016 16:35:15 GMT" time="0.296" errors="0">
  <testcase name="ahost" time="0.053" classname="Apple.EnblDepenPrior"/>
  <testcase name="guest" time="0.002" classname="Apple.EnblDepenPrior"/>
  <testcase name="atimout" time="0.126" classname="Apple.EnblDepenPrior"/>
  <testcase name="bena" time="0.006" classname="Apple.EnblDepenPrior">
    <failure type="java.lang.AssertionError" message="expected [true] but found [false]">
      <![CDATA[java.lang.AssertionError: expected [true] but found [false]
	at Apple.EnblDepenPrior.bena(EnblDepenPrior.java:24)
... Removed 29 stack frames]]>
    </failure>
  </testcase> <!-- bena -->
</testsuite> <!-- LinkTest -->
