<?xml version="1.0" encoding="UTF-8"?>
<!-- Generated by org.testng.reporters.JUnitXMLReporter -->
<testsuite hostname="Arnab-PC" name="Smoke Testcases" tests="2" failures="1" timestamp="8 Jun 2016 17:29:13 GMT" time="6.145" errors="0">
  <testcase name="verifyTitle" time="0.053" classname="listeners.Testlisten"/>
  <testcase name="verifyUrl" time="0.037" classname="listeners.Testlisten">
    <failure type="java.lang.AssertionError" message="expected [true] but found [false]">
      <![CDATA[java.lang.AssertionError: expected [true] but found [false]
	at listeners.Testlisten.verifyUrl(Testlisten.java:42)
... Removed 29 stack frames]]>
    </failure>
  </testcase> <!-- verifyUrl -->
</testsuite> <!-- Smoke Testcases -->
